This is pdfTeX, Version 3.141592653-2.6-1.40.22 (TeX Live 2021 Gentoo Linux) (preloaded format=pdflatex 2023.8.23)  15 JAN 2026 15:40
entering extended mode
 restricted \write18 enabled.
 %&-line parsing enabled.
**report_template.tex
(./report_template.tex
LaTeX2e <2020-10-01> patch level 4
L3 programming layer <2021-02-18>
(/cvmfs/soft.computecanada.ca/gentoo/2023/x86-64-v3/usr/share/texmf-dist/tex/la
tex/base/article.cls
Document Class: article 2020/04/10 v1.4m Standard LaTeX document class

(/cvmfs/soft.computecanada.ca/gentoo/2023/x86-64-v3/usr/share/texmf-dist/tex/la
tex/base/size11.clo
File: size11.clo 2020/04/10 v1.4m Standard LaTeX file (size option)
)
\c@part=\count179
\c@section=\count180
\c@subsection=\count181
\c@subsubsection=\count182
\c@paragraph=\count183
\c@subparagraph=\count184
\c@figure=\count185
\c@table=\count186
\abovecaptionskip=\skip47
\belowcaptionskip=\skip48
\bibindent=\dimen138
)
(/cvmfs/soft.computecanada.ca/gentoo/2023/x86-64-v3/usr/share/texmf-dist/tex/la
tex/geometry/geometry.sty
Package: geometry 2020/01/02 v5.9 Page Geometry

(/cvmfs/soft.computecanada.ca/gentoo/2023/x86-64-v3/usr/share/texmf-dist/tex/la
tex/graphics/keyval.sty
Package: keyval 2014/10/28 v1.15 key=value parser (DPC)
\KV@toks@=\toks15
)
(/cvmfs/soft.computecanada.ca/gentoo/2023/x86-64-v3/usr/share/texmf-dist/tex/ge
neric/iftex/ifvtex.sty
Package: ifvtex 2019/10/25 v1.7 ifvtex legacy package. Use iftex instead.

(/cvmfs/soft.computecanada.ca/gentoo/2023/x86-64-v3/usr/share/texmf-dist/tex/ge
neric/iftex/iftex.sty
Package: iftex 2020/03/06 v1.0d TeX engine tests
))
\Gm@cnth=\count187
\Gm@cntv=\count188
\c@Gm@tempcnt=\count189
\Gm@bindingoffset=\dimen139
\Gm@wd@mp=\dimen140
\Gm@odd@mp=\dimen141
\Gm@even@mp=\dimen142
\Gm@layoutwidth=\dimen143
\Gm@layoutheight=\dimen144
\Gm@layouthoffset=\dimen145
\Gm@layoutvoffset=\dimen146
\Gm@dimlist=\toks16
)
(/cvmfs/soft.computecanada.ca/gentoo/2023/x86-64-v3/usr/share/texmf-dist/tex/la
tex/graphics/graphicx.sty
Package: graphicx 2020/09/09 v1.2b Enhanced LaTeX Graphics (DPC,SPQR)

(/cvmfs/soft.computecanada.ca/gentoo/2023/x86-64-v3/usr/share/texmf-dist/tex/la
tex/graphics/graphics.sty
Package: graphics 2020/08/30 v1.4c Standard LaTeX Graphics (DPC,SPQR)

(/cvmfs/soft.computecanada.ca/gentoo/2023/x86-64-v3/usr/share/texmf-dist/tex/la
tex/graphics/trig.sty
Package: trig 2016/01/03 v1.10 sin cos tan (DPC)
)
(/cvmfs/soft.computecanada.ca/gentoo/2023/x86-64-v3/usr/share/texmf-dist/tex/la
tex/graphics-cfg/graphics.cfg
File: graphics.cfg 2016/06/04 v1.11 sample graphics configuration
)
Package graphics Info: Driver file: pdftex.def on input line 105.

(/cvmfs/soft.computecanada.ca/gentoo/2023/x86-64-v3/usr/share/texmf-dist/tex/la
tex/graphics-def/pdftex.def
File: pdftex.def 2020/10/05 v1.2a Graphics/color driver for pdftex
))
\Gin@req@height=\dimen147
\Gin@req@width=\dimen148
)
(/cvmfs/soft.computecanada.ca/gentoo/2023/x86-64-v3/usr/share/texmf-dist/tex/la
tex/amsmath/amsmath.sty
Package: amsmath 2020/09/23 v2.17i AMS math features
\@mathmargin=\skip49

For additional information on amsmath, use the `?' option.

(/cvmfs/soft.computecanada.ca/gentoo/2023/x86-64-v3/usr/share/texmf-dist/tex/la
tex/amsmath/amstext.sty
Package: amstext 2000/06/29 v2.01 AMS text

(/cvmfs/soft.computecanada.ca/gentoo/2023/x86-64-v3/usr/share/texmf-dist/tex/la
tex/amsmath/amsgen.sty
File: amsgen.sty 1999/11/30 v2.0 generic functions
\@emptytoks=\toks17
\ex@=\dimen149
))
(/cvmfs/soft.computecanada.ca/gentoo/2023/x86-64-v3/usr/share/texmf-dist/tex/la
tex/amsmath/amsbsy.sty
Package: amsbsy 1999/11/29 v1.2d Bold Symbols
\pmbraise@=\dimen150
)
(/cvmfs/soft.computecanada.ca/gentoo/2023/x86-64-v3/usr/share/texmf-dist/tex/la
tex/amsmath/amsopn.sty
Package: amsopn 2016/03/08 v2.02 operator names
)
\inf@bad=\count190
LaTeX Info: Redefining \frac on input line 234.
\uproot@=\count191
\leftroot@=\count192
LaTeX Info: Redefining \overline on input line 399.
\classnum@=\count193
\DOTSCASE@=\count194
LaTeX Info: Redefining \ldots on input line 496.
LaTeX Info: Redefining \dots on input line 499.
LaTeX Info: Redefining \cdots on input line 620.
\Mathstrutbox@=\box47
\strutbox@=\box48
\big@size=\dimen151
LaTeX Font Info:    Redeclaring font encoding OML on input line 743.
LaTeX Font Info:    Redeclaring font encoding OMS on input line 744.
\macc@depth=\count195
\c@MaxMatrixCols=\count196
\dotsspace@=\muskip16
\c@parentequation=\count197
\dspbrk@lvl=\count198
\tag@help=\toks18
\row@=\count199
\column@=\count266
\maxfields@=\count267
\andhelp@=\toks19
\eqnshift@=\dimen152
\alignsep@=\dimen153
\tagshift@=\dimen154
\tagwidth@=\dimen155
\totwidth@=\dimen156
\lineht@=\dimen157
\@envbody=\toks20
\multlinegap=\skip50
\multlinetaggap=\skip51
\mathdisplay@stack=\toks21
LaTeX Info: Redefining \[ on input line 2923.
LaTeX Info: Redefining \] on input line 2924.
)
(/cvmfs/soft.computecanada.ca/gentoo/2023/x86-64-v3/usr/share/texmf-dist/tex/la
tex/amsfonts/amssymb.sty
Package: amssymb 2013/01/14 v3.01 AMS font symbols

(/cvmfs/soft.computecanada.ca/gentoo/2023/x86-64-v3/usr/share/texmf-dist/tex/la
tex/amsfonts/amsfonts.sty
Package: amsfonts 2013/01/14 v3.01 Basic AMSFonts support
\symAMSa=\mathgroup4
\symAMSb=\mathgroup5
LaTeX Font Info:    Redeclaring math symbol \hbar on input line 98.
LaTeX Font Info:    Overwriting math alphabet `\mathfrak' in version `bold'
(Font)                  U/euf/m/n --> U/euf/b/n on input line 106.
))
(/cvmfs/soft.computecanada.ca/gentoo/2023/x86-64-v3/usr/share/texmf-dist/tex/la
tex/hyperref/hyperref.sty
Package: hyperref 2021-02-27 v7.00k Hypertext links for LaTeX

(/cvmfs/soft.computecanada.ca/gentoo/2023/x86-64-v3/usr/share/texmf-dist/tex/ge
neric/ltxcmds/ltxcmds.sty
Package: ltxcmds 2020-05-10 v1.25 LaTeX kernel commands for general use (HO)
)
(/cvmfs/soft.computecanada.ca/gentoo/2023/x86-64-v3/usr/share/texmf-dist/tex/ge
neric/pdftexcmds/pdftexcmds.sty
Package: pdftexcmds 2020-06-27 v0.33 Utility functions of pdfTeX for LuaTeX (HO
)

(/cvmfs/soft.computecanada.ca/gentoo/2023/x86-64-v3/usr/share/texmf-dist/tex/ge
neric/infwarerr/infwarerr.sty
Package: infwarerr 2019/12/03 v1.5 Providing info/warning/error messages (HO)
)
Package pdftexcmds Info: \pdf@primitive is available.
Package pdftexcmds Info: \pdf@ifprimitive is available.
Package pdftexcmds Info: \pdfdraftmode found.
)
(/cvmfs/soft.computecanada.ca/gentoo/2023/x86-64-v3/usr/share/texmf-dist/tex/ge
neric/kvsetkeys/kvsetkeys.sty
Package: kvsetkeys 2019/12/15 v1.18 Key value parser (HO)
)
(/cvmfs/soft.computecanada.ca/gentoo/2023/x86-64-v3/usr/share/texmf-dist/tex/ge
neric/kvdefinekeys/kvdefinekeys.sty
Package: kvdefinekeys 2019-12-19 v1.6 Define keys (HO)
)
(/cvmfs/soft.computecanada.ca/gentoo/2023/x86-64-v3/usr/share/texmf-dist/tex/ge
neric/pdfescape/pdfescape.sty
Package: pdfescape 2019/12/09 v1.15 Implements pdfTeX's escape features (HO)
)
(/cvmfs/soft.computecanada.ca/gentoo/2023/x86-64-v3/usr/share/texmf-dist/tex/la
tex/hycolor/hycolor.sty
Package: hycolor 2020-01-27 v1.10 Color options for hyperref/bookmark (HO)
)
(/cvmfs/soft.computecanada.ca/gentoo/2023/x86-64-v3/usr/share/texmf-dist/tex/la
tex/letltxmacro/letltxmacro.sty
Package: letltxmacro 2019/12/03 v1.6 Let assignment for LaTeX macros (HO)
)
(/cvmfs/soft.computecanada.ca/gentoo/2023/x86-64-v3/usr/share/texmf-dist/tex/la
tex/auxhook/auxhook.sty
Package: auxhook 2019-12-17 v1.6 Hooks for auxiliary files (HO)
)
(/cvmfs/soft.computecanada.ca/gentoo/2023/x86-64-v3/usr/share/texmf-dist/tex/la
tex/kvoptions/kvoptions.sty
Package: kvoptions 2020-10-07 v3.14 Key value format for package options (HO)
)
\@linkdim=\dimen158
\Hy@linkcounter=\count268
\Hy@pagecounter=\count269

(/cvmfs/soft.computecanada.ca/gentoo/2023/x86-64-v3/usr/share/texmf-dist/tex/la
tex/hyperref/pd1enc.def
File: pd1enc.def 2021-02-27 v7.00k Hyperref: PDFDocEncoding definition (HO)
Now handling font encoding PD1 ...
... no UTF-8 mapping file for font encoding PD1
)
(/cvmfs/soft.computecanada.ca/gentoo/2023/x86-64-v3/usr/share/texmf-dist/tex/la
tex/hyperref/hyperref-langpatches.def
File: hyperref-langpatches.def 2021-02-27 v7.00k Hyperref: patches for babel la
nguages
)
(/cvmfs/soft.computecanada.ca/gentoo/2023/x86-64-v3/usr/share/texmf-dist/tex/ge
neric/intcalc/intcalc.sty
Package: intcalc 2019/12/15 v1.3 Expandable calculations with integers (HO)
)
(/cvmfs/soft.computecanada.ca/gentoo/2023/x86-64-v3/usr/share/texmf-dist/tex/ge
neric/etexcmds/etexcmds.sty
Package: etexcmds 2019/12/15 v1.7 Avoid name clashes with e-TeX commands (HO)
)
\Hy@SavedSpaceFactor=\count270

(/cvmfs/soft.computecanada.ca/gentoo/2023/x86-64-v3/usr/share/texmf-dist/tex/la
tex/hyperref/puenc.def
File: puenc.def 2021-02-27 v7.00k Hyperref: PDF Unicode definition (HO)
Now handling font encoding PU ...
... no UTF-8 mapping file for font encoding PU
)
Package hyperref Info: Hyper figures OFF on input line 4192.
Package hyperref Info: Link nesting OFF on input line 4197.
Package hyperref Info: Hyper index ON on input line 4200.
Package hyperref Info: Plain pages OFF on input line 4207.
Package hyperref Info: Backreferencing OFF on input line 4212.
Package hyperref Info: Implicit mode ON; LaTeX internals redefined.
Package hyperref Info: Bookmarks ON on input line 4445.
\c@Hy@tempcnt=\count271

(/cvmfs/soft.computecanada.ca/gentoo/2023/x86-64-v3/usr/share/texmf-dist/tex/la
tex/url/url.sty
\Urlmuskip=\muskip17
Package: url 2013/09/16  ver 3.4  Verb mode for urls, etc.
)
LaTeX Info: Redefining \url on input line 4804.
\XeTeXLinkMargin=\dimen159

(/cvmfs/soft.computecanada.ca/gentoo/2023/x86-64-v3/usr/share/texmf-dist/tex/ge
neric/bitset/bitset.sty
Package: bitset 2019/12/09 v1.3 Handle bit-vector datatype (HO)

(/cvmfs/soft.computecanada.ca/gentoo/2023/x86-64-v3/usr/share/texmf-dist/tex/ge
neric/bigintcalc/bigintcalc.sty
Package: bigintcalc 2019/12/15 v1.5 Expandable calculations on big integers (HO
)
))
\Fld@menulength=\count272
\Field@Width=\dimen160
\Fld@charsize=\dimen161
Package hyperref Info: Hyper figures OFF on input line 6075.
Package hyperref Info: Link nesting OFF on input line 6080.
Package hyperref Info: Hyper index ON on input line 6083.
Package hyperref Info: backreferencing OFF on input line 6090.
Package hyperref Info: Link coloring OFF on input line 6095.
Package hyperref Info: Link coloring with OCG OFF on input line 6100.
Package hyperref Info: PDF/A mode OFF on input line 6105.
LaTeX Info: Redefining \ref on input line 6145.
LaTeX Info: Redefining \pageref on input line 6149.

(/cvmfs/soft.computecanada.ca/gentoo/2023/x86-64-v3/usr/share/texmf-dist/tex/la
tex/base/atbegshi-ltx.sty
Package: atbegshi-ltx 2020/08/17 v1.0a Emulation of the original atbegshi packa
ge
with kernel methods
)
\Hy@abspage=\count273
\c@Item=\count274
\c@Hfootnote=\count275
)
Package hyperref Info: Driver (autodetected): hpdftex.

(/cvmfs/soft.computecanada.ca/gentoo/2023/x86-64-v3/usr/share/texmf-dist/tex/la
tex/hyperref/hpdftex.def
File: hpdftex.def 2021-02-27 v7.00k Hyperref driver for pdfTeX

(/cvmfs/soft.computecanada.ca/gentoo/2023/x86-64-v3/usr/share/texmf-dist/tex/la
tex/base/atveryend-ltx.sty
Package: atveryend-ltx 2020/08/19 v1.0a Emulation of the original atvery packag
e
with kernel methods
)
\Fld@listcount=\count276
\c@bookmark@seq@number=\count277

(/cvmfs/soft.computecanada.ca/gentoo/2023/x86-64-v3/usr/share/texmf-dist/tex/la
tex/rerunfilecheck/rerunfilecheck.sty
Package: rerunfilecheck 2019/12/05 v1.9 Rerun checks for auxiliary files (HO)

(/cvmfs/soft.computecanada.ca/gentoo/2023/x86-64-v3/usr/share/texmf-dist/tex/ge
neric/uniquecounter/uniquecounter.sty
Package: uniquecounter 2019/12/15 v1.4 Provide unlimited unique counter (HO)
)
Package uniquecounter Info: New unique counter `rerunfilecheck' on input line 2
86.
)
\Hy@SectionHShift=\skip52
)
(/cvmfs/soft.computecanada.ca/gentoo/2023/x86-64-v3/usr/share/texmf-dist/tex/la
tex/booktabs/booktabs.sty
Package: booktabs 2020/01/12 v1.61803398 Publication quality tables
\heavyrulewidth=\dimen162
\lightrulewidth=\dimen163
\cmidrulewidth=\dimen164
\belowrulesep=\dimen165
\belowbottomsep=\dimen166
\aboverulesep=\dimen167
\abovetopsep=\dimen168
\cmidrulesep=\dimen169
\cmidrulekern=\dimen170
\defaultaddspace=\dimen171
\@cmidla=\count278
\@cmidlb=\count279
\@aboverulesep=\dimen172
\@belowrulesep=\dimen173
\@thisruleclass=\count280
\@lastruleclass=\count281
\@thisrulewidth=\dimen174
)
(/cvmfs/soft.computecanada.ca/gentoo/2023/x86-64-v3/usr/share/texmf-dist/tex/la
tex/caption/caption.sty
Package: caption 2020/10/26 v3.5g Customizing captions (AR)

(/cvmfs/soft.computecanada.ca/gentoo/2023/x86-64-v3/usr/share/texmf-dist/tex/la
tex/caption/caption3.sty
Package: caption3 2020/10/21 v2.2e caption3 kernel (AR)
\captionmargin=\dimen175
\captionmargin@=\dimen176
\captionwidth=\dimen177
\caption@tempdima=\dimen178
\caption@indent=\dimen179
\caption@parindent=\dimen180
\caption@hangindent=\dimen181
Package caption Info: Standard document class detected.
)
\c@caption@flags=\count282
\c@continuedfloat=\count283
Package caption Info: hyperref package is loaded.
)
(/cvmfs/soft.computecanada.ca/gentoo/2023/x86-64-v3/usr/share/texmf-dist/tex/la
tex/caption/subcaption.sty
Package: subcaption 2020/10/07 v1.3j Sub-captions (AR)
\c@subfigure=\count284
\c@subtable=\count285
)
(/cvmfs/soft.computecanada.ca/gentoo/2023/x86-64-v3/usr/share/texmf-dist/tex/la
tex/natbib/natbib.sty
Package: natbib 2010/09/13 8.31b (PWD, AO)
\bibhang=\skip53
\bibsep=\skip54
LaTeX Info: Redefining \cite on input line 694.
\c@NAT@ctr=\count286
)
(/cvmfs/soft.computecanada.ca/gentoo/2023/x86-64-v3/usr/share/texmf-dist/tex/la
tex/l3backend/l3backend-pdftex.def
File: l3backend-pdftex.def 2021-03-18 L3 backend support: PDF output (pdfTeX)
\l__color_backend_stack_int=\count287
\l__pdf_internal_box=\box49
) (./report_template.aux)
\openout1 = `report_template.aux'.

LaTeX Font Info:    Checking defaults for OML/cmm/m/it on input line 22.
LaTeX Font Info:    ... okay on input line 22.
LaTeX Font Info:    Checking defaults for OMS/cmsy/m/n on input line 22.
LaTeX Font Info:    ... okay on input line 22.
LaTeX Font Info:    Checking defaults for OT1/cmr/m/n on input line 22.
LaTeX Font Info:    ... okay on input line 22.
LaTeX Font Info:    Checking defaults for T1/cmr/m/n on input line 22.
LaTeX Font Info:    ... okay on input line 22.
LaTeX Font Info:    Checking defaults for TS1/cmr/m/n on input line 22.
LaTeX Font Info:    ... okay on input line 22.
LaTeX Font Info:    Checking defaults for OMX/cmex/m/n on input line 22.
LaTeX Font Info:    ... okay on input line 22.
LaTeX Font Info:    Checking defaults for U/cmr/m/n on input line 22.
LaTeX Font Info:    ... okay on input line 22.
LaTeX Font Info:    Checking defaults for PD1/pdf/m/n on input line 22.
LaTeX Font Info:    ... okay on input line 22.
LaTeX Font Info:    Checking defaults for PU/pdf/m/n on input line 22.
LaTeX Font Info:    ... okay on input line 22.

*geometry* driver: auto-detecting
*geometry* detected driver: pdftex
*geometry* verbose mode - [ preamble ] result:
* driver: pdftex
* paper: <default>
* layout: <same size as paper>
* layoutoffset:(h,v)=(0.0pt,0.0pt)
* modes: 
* h-part:(L,W,R)=(54.2025pt, 505.89pt, 54.2025pt)
* v-part:(T,H,B)=(54.2025pt, 686.56499pt, 54.2025pt)
* \paperwidth=614.295pt
* \paperheight=794.96999pt
* \textwidth=505.89pt
* \textheight=686.56499pt
* \oddsidemargin=-18.06749pt
* \evensidemargin=-18.06749pt
* \topmargin=-55.06749pt
* \headheight=12.0pt
* \headsep=25.0pt
* \topskip=11.0pt
* \footskip=30.0pt
* \marginparwidth=4.0pt
* \marginparsep=10.0pt
* \columnsep=10.0pt
* \skip\footins=10.0pt plus 4.0pt minus 2.0pt
* \hoffset=0.0pt
* \voffset=0.0pt
* \mag=1000
* \@twocolumntrue
* \@twosidefalse
* \@mparswitchfalse
* \@reversemarginfalse
* (1in=72.27pt=25.4mm, 1cm=28.453pt)


(/cvmfs/soft.computecanada.ca/gentoo/2023/x86-64-v3/usr/share/texmf-dist/tex/co
ntext/base/mkii/supp-pdf.mkii
[Loading MPS to PDF converter (version 2006.09.02).]
\scratchcounter=\count288
\scratchdimen=\dimen182
\scratchbox=\box50
\nofMPsegments=\count289
\nofMParguments=\count290
\everyMPshowfont=\toks22
\MPscratchCnt=\count291
\MPscratchDim=\dimen183
\MPnumerator=\count292
\makeMPintoPDFobject=\count293
\everyMPtoPDFconversion=\toks23
)
(/cvmfs/soft.computecanada.ca/gentoo/2023/x86-64-v3/usr/share/texmf-dist/tex/la
tex/epstopdf-pkg/epstopdf-base.sty
Package: epstopdf-base 2020-01-24 v2.11 Base part for package epstopdf
Package epstopdf-base Info: Redefining graphics rule for `.eps' on input line 4
85.

(/cvmfs/soft.computecanada.ca/gentoo/2023/x86-64-v3/usr/share/texmf-dist/tex/la
tex/latexconfig/epstopdf-sys.cfg
File: epstopdf-sys.cfg 2010/07/13 v1.3 Configuration of (r)epstopdf for TeX Liv
e
))
Package hyperref Info: Link coloring OFF on input line 22.

(/cvmfs/soft.computecanada.ca/gentoo/2023/x86-64-v3/usr/share/texmf-dist/tex/la
tex/hyperref/nameref.sty
Package: nameref 2021-04-02 v2.47 Cross-referencing by name of section

(/cvmfs/soft.computecanada.ca/gentoo/2023/x86-64-v3/usr/share/texmf-dist/tex/la
tex/refcount/refcount.sty
Package: refcount 2019/12/15 v3.6 Data extraction from label references (HO)
)
(/cvmfs/soft.computecanada.ca/gentoo/2023/x86-64-v3/usr/share/texmf-dist/tex/ge
neric/gettitlestring/gettitlestring.sty
Package: gettitlestring 2019/12/15 v1.6 Cleanup title references (HO)
)
\c@section@level=\count294
)
LaTeX Info: Redefining \ref on input line 22.
LaTeX Info: Redefining \pageref on input line 22.
LaTeX Info: Redefining \nameref on input line 22.
 (./report_template.out)
(./report_template.out)
\@outlinefile=\write3
\openout3 = `report_template.out'.

Package caption Info: Begin \AtBeginDocument code.
Package caption Info: End \AtBeginDocument code.
LaTeX Font Info:    Trying to load font information for U+msa on input line 24.


(/cvmfs/soft.computecanada.ca/gentoo/2023/x86-64-v3/usr/share/texmf-dist/tex/la
tex/amsfonts/umsa.fd
File: umsa.fd 2013/01/14 v3.01 AMS symbols A
)
LaTeX Font Info:    Trying to load font information for U+msb on input line 24.


(/cvmfs/soft.computecanada.ca/gentoo/2023/x86-64-v3/usr/share/texmf-dist/tex/la
tex/amsfonts/umsb.fd
File: umsb.fd 2013/01/14 v3.01 AMS symbols B
)
Underfull \hbox (badness 3590) in paragraph at lines 34--35
\OT1/cmr/bx/n/10.95 im-pact of ge-netic vari-ants in QTL se-
 []


Underfull \hbox (badness 10000) in paragraph at lines 34--35
\OT1/cmr/m/n/10.95 the model de-vel-ops bi-o-log-i-cally mean-ing-ful
 []


Underfull \hbox (badness 3250) in paragraph at lines 34--35
\OT1/cmr/m/n/10.95 mechanisms---such as heads or la-tent fea-tures
 []


Underfull \hbox (badness 1205) in paragraph at lines 36--37
\OT1/cmr/m/n/10.95 tuned on sQTLs be-cause it of-fers ar-chi-tec-tural
 []


Underfull \hbox (badness 1348) in paragraph at lines 36--37
\OT1/cmr/m/n/10.95 and pre-train-ing im-prove-ments over the orig-i-nal
 []


Underfull \hbox (badness 4647) in paragraph at lines 44--45
[]\OT1/cmr/bx/n/10.95 Data: \OT1/cmr/m/n/10.95 GTEx v8 splice-QTL (sQTL) and
 []

[1{/cvmfs/soft.computecanada.ca/gentoo/2023/x86-64-v3/var/lib/texmf/fonts/map/p
dftex/updmap/pdftex.map}


]
Underfull \hbox (badness 10000) in paragraph at lines 48--49
\OT1/cmr/m/n/10.95 We run DNA[]bert[]6 with
 []


Underfull \hbox (badness 2698) in paragraph at lines 48--49
\OT1/cmtt/m/n/10.95 output[]attentions=True\OT1/cmr/m/n/10.95 . For each at-ten
-tion
 []


Underfull \hbox (badness 1237) in paragraph at lines 56--57
\OT1/cmr/m/n/10.95 units on layer-12 CLS em-bed-dings. We com-
 []


Underfull \hbox (badness 1242) in paragraph at lines 56--57
\OT1/cmr/m/n/10.95 pute mean ac-ti-va-tion, dif-fer-en-tial ac-ti-va-tion $^^A$
,
 []


Underfull \hbox (badness 1571) in paragraph at lines 56--57
\OT1/cmr/m/n/10.95 and spar-sity. Dis-tri-bu-tion plots are saved in
 []

<../outputs/eqtl_analysis/analysis_20260115_000936/hidden_states/1_per_head_beh
avior.png, id=79, 1273.8792pt x 350.2686pt>
File: ../outputs/eqtl_analysis/analysis_20260115_000936/hidden_states/1_per_hea
d_behavior.png Graphic file (type png)
<use ../outputs/eqtl_analysis/analysis_20260115_000936/hidden_states/1_per_head
_behavior.png>
Package pdftex.def Info: ../outputs/eqtl_analysis/analysis_20260115_000936/hidd
en_states/1_per_head_behavior.png  used on input line 70.
(pdftex.def)             Requested size: 247.94499pt x 68.17116pt.
<../outputs/eqtl_analysis/analysis_20260115_000936/hidden_states/2_variant_atte
ntion_stats_cls.png, id=81, 989.1354pt x 350.2686pt>
File: ../outputs/eqtl_analysis/analysis_20260115_000936/hidden_states/2_variant
_attention_stats_cls.png Graphic file (type png)
<use ../outputs/eqtl_analysis/analysis_20260115_000936/hidden_states/2_variant_
attention_stats_cls.png>
Package pdftex.def Info: ../outputs/eqtl_analysis/analysis_20260115_000936/hidd
en_states/2_variant_attention_stats_cls.png  used on input line 71.
(pdftex.def)             Requested size: 247.94499pt x 87.79675pt.
<../outputs/eqtl_analysis/analysis_20260115_000936/hidden_states/4_position_att
ention_L7H5.png, id=82, 1147.6476pt x 712.1004pt>
File: ../outputs/eqtl_analysis/analysis_20260115_000936/hidden_states/4_positio
n_attention_L7H5.png Graphic file (type png)
<use ../outputs/eqtl_analysis/analysis_20260115_000936/hidden_states/4_position
_attention_L7H5.png>
Package pdftex.def Info: ../outputs/eqtl_analysis/analysis_20260115_000936/hidd
en_states/4_position_attention_L7H5.png  used on input line 80.
(pdftex.def)             Requested size: 247.94499pt x 153.83746pt.
<../outputs/eqtl_analysis/analysis_20260115_000936/hidden_states/4_position_att
ention_L0H0.png, id=83, 1147.6476pt x 712.1004pt>
File: ../outputs/eqtl_analysis/analysis_20260115_000936/hidden_states/4_positio
n_attention_L0H0.png Graphic file (type png)
<use ../outputs/eqtl_analysis/analysis_20260115_000936/hidden_states/4_position
_attention_L0H0.png>
Package pdftex.def Info: ../outputs/eqtl_analysis/analysis_20260115_000936/hidd
en_states/4_position_attention_L0H0.png  used on input line 81.
(pdftex.def)             Requested size: 247.94499pt x 153.83746pt.
<../outputs/sqtl_analysis/analysis_20260115_001201/hidden_states/1_per_head_beh
avior.png, id=85, 1273.8792pt x 350.2686pt>
File: ../outputs/sqtl_analysis/analysis_20260115_001201/hidden_states/1_per_hea
d_behavior.png Graphic file (type png)
<use ../outputs/sqtl_analysis/analysis_20260115_001201/hidden_states/1_per_head
_behavior.png>
Package pdftex.def Info: ../outputs/sqtl_analysis/analysis_20260115_001201/hidd
en_states/1_per_head_behavior.png  used on input line 92.
(pdftex.def)             Requested size: 247.94499pt x 68.17116pt.
<../outputs/sqtl_analysis/analysis_20260115_001201/hidden_states/2_variant_atte
ntion_stats_cls.png, id=86, 989.1354pt x 350.2686pt>
File: ../outputs/sqtl_analysis/analysis_20260115_001201/hidden_states/2_variant
_attention_stats_cls.png Graphic file (type png)
<use ../outputs/sqtl_analysis/analysis_20260115_001201/hidden_states/2_variant_
attention_stats_cls.png>
Package pdftex.def Info: ../outputs/sqtl_analysis/analysis_20260115_001201/hidd
en_states/2_variant_attention_stats_cls.png  used on input line 93.
(pdftex.def)             Requested size: 247.94499pt x 87.79675pt.
[2 <../outputs/eqtl_analysis/analysis_20260115_000936/hidden_states/1_per_head_
behavior.png> <../outputs/eqtl_analysis/analysis_20260115_000936/hidden_states/
2_variant_attention_stats_cls.png>]
Underfull \vbox (badness 1796) has occurred while \output is active []

<../outputs/eqtl_analysis/analysis_20260115_000936/sparse_autoencoder/analysis_
20260115_001045/feature_1428_distribution.png, id=101, 1148.00896pt x 425.30894
pt>
File: ../outputs/eqtl_analysis/analysis_20260115_000936/sparse_autoencoder/anal
ysis_20260115_001045/feature_1428_distribution.png Graphic file (type png)
<use ../outputs/eqtl_analysis/analysis_20260115_000936/sparse_autoencoder/analy
sis_20260115_001045/feature_1428_distribution.png>
Package pdftex.def Info: ../outputs/eqtl_analysis/analysis_20260115_000936/spar
se_autoencoder/analysis_20260115_001045/feature_1428_distribution.png  used on 
input line 113.
(pdftex.def)             Requested size: 247.94499pt x 91.85498pt.
<../outputs/eqtl_analysis/analysis_20260115_000936/sparse_autoencoder/analysis_
20260115_001045/feature_140_distribution.png, id=102, 1148.00896pt x 425.30894p
t>
File: ../outputs/eqtl_analysis/analysis_20260115_000936/sparse_autoencoder/anal
ysis_20260115_001045/feature_140_distribution.png Graphic file (type png)
<use ../outputs/eqtl_analysis/analysis_20260115_000936/sparse_autoencoder/analy
sis_20260115_001045/feature_140_distribution.png>
Package pdftex.def Info: ../outputs/eqtl_analysis/analysis_20260115_000936/spar
se_autoencoder/analysis_20260115_001045/feature_140_distribution.png  used on i
nput line 114.
(pdftex.def)             Requested size: 247.94499pt x 91.85498pt.

Underfull \hbox (badness 1199) in paragraph at lines 124--125
\OT1/cmr/m/n/10.95 spe-cial-iza-tion, testable via re-peated mech-a-nis-tic
 []


Underfull \hbox (badness 3029) in paragraph at lines 127--128
 []\OT1/cmr/bx/n/10.95 Experimental and mech-a-nis-tic val-i-da-tion.[]
 []

[3 <../outputs/eqtl_analysis/analysis_20260115_000936/hidden_states/4_position_
attention_L7H5.png> <../outputs/eqtl_analysis/analysis_20260115_000936/hidden_s
tates/4_position_attention_L0H0.png> <../outputs/sqtl_analysis/analysis_2026011
5_001201/hidden_states/1_per_head_behavior.png> <../outputs/sqtl_analysis/analy
sis_20260115_001201/hidden_states/2_variant_attention_stats_cls.png>]
Underfull \hbox (badness 4291) in paragraph at lines 129--130
\OT1/cmr/m/n/10.95 done [https://github.com/ranaabarghout/IGLOO]
 []


Underfull \vbox (badness 6477) has occurred while \output is active []


(./report_template.bbl [4 <../outputs/eqtl_analysis/analysis_20260115_000936/sp
arse_autoencoder/analysis_20260115_001045/feature_1428_distribution.png> <../ou
tputs/eqtl_analysis/analysis_20260115_000936/sparse_autoencoder/analysis_202601
15_001045/feature_140_distribution.png>]
Underfull \hbox (badness 6396) in paragraph at lines 10--15
\OT1/cmr/m/n/10.95 Dutta, Ra-mana Davu-luri, and Han Liu.
 []


Underfull \hbox (badness 2277) in paragraph at lines 10--15
\OT1/cmr/m/n/10.95 Dnabert-2: Ef-fi-cient foun-da-tion model and
 []

) [5

] (./report_template.aux)
Package rerunfilecheck Info: File `report_template.out' has not changed.
(rerunfilecheck)             Checksum: 561CAF5164E73AE6B738140F9E0D9B8A;1539.
 ) 
Here is how much of TeX's memory you used:
 11087 strings out of 480884
 174990 string characters out of 5900692
 474639 words of memory out of 5000000
 28160 multiletter control sequences out of 15000+600000
 412132 words of font info for 60 fonts, out of 8000000 for 9000
 36 hyphenation exceptions out of 8191
 71i,7n,74p,1228b,425s stack positions out of 5000i,500n,10000p,200000b,80000s
</cvmfs/soft.computecanada.ca/gentoo/2023/x86-64-v3/usr/share/texmf-dist/font
s/type1/public/amsfonts/cm/cmbx10.pfb></cvmfs/soft.computecanada.ca/gentoo/2023
/x86-64-v3/usr/share/texmf-dist/fonts/type1/public/amsfonts/cm/cmbx12.pfb></cvm
fs/soft.computecanada.ca/gentoo/2023/x86-64-v3/usr/share/texmf-dist/fonts/type1
/public/amsfonts/cm/cmmi10.pfb></cvmfs/soft.computecanada.ca/gentoo/2023/x86-64
-v3/usr/share/texmf-dist/fonts/type1/public/amsfonts/cm/cmr10.pfb></cvmfs/soft.
computecanada.ca/gentoo/2023/x86-64-v3/usr/share/texmf-dist/fonts/type1/public/
amsfonts/cm/cmr12.pfb></cvmfs/soft.computecanada.ca/gentoo/2023/x86-64-v3/usr/s
hare/texmf-dist/fonts/type1/public/amsfonts/cm/cmr8.pfb></cvmfs/soft.computecan
ada.ca/gentoo/2023/x86-64-v3/usr/share/texmf-dist/fonts/type1/public/amsfonts/c
m/cmsy10.pfb></cvmfs/soft.computecanada.ca/gentoo/2023/x86-64-v3/usr/share/texm
f-dist/fonts/type1/public/amsfonts/cm/cmti10.pfb></cvmfs/soft.computecanada.ca/
gentoo/2023/x86-64-v3/usr/share/texmf-dist/fonts/type1/public/amsfonts/cm/cmtt1
0.pfb></cvmfs/soft.computecanada.ca/gentoo/2023/x86-64-v3/usr/share/texmf-dist/
fonts/type1/public/amsfonts/cm/cmtt12.pfb>
Output written on report_template.pdf (5 pages, 1737324 bytes).
PDF statistics:
 165 PDF objects out of 1000 (max. 8388607)
 130 compressed objects within 2 object streams
 30 named destinations out of 1000 (max. 500000)
 137 words of extra memory for PDF output out of 10000 (max. 10000000)

